[00:55:41] [Server thread/INFO]: Loading properties
[00:55:42] [Server thread/INFO]: This server is running CraftBukkit version git-Spigot-492a779-c727dc2 (MC: 1.15.1) (Implementing API version 1.15.1-R0.1-SNAPSHOT)
[00:55:42] [Server thread/INFO]: Debug logging is disabled
[00:55:42] [Server thread/INFO]: Server Ping Player Sample Count: 12
[00:55:42] [Server thread/INFO]: Using 4 threads for Netty based IO
[00:55:42] [Server thread/INFO]: Default game type: SURVIVAL
[00:55:42] [Server thread/INFO]: Generating keypair
[00:55:42] [Server thread/INFO]: Starting Minecraft server on 192.168.1.104:25590
[00:55:42] [Server thread/INFO]: Using default channel type
[00:55:48] [Server thread/WARN]: Plugin DopePlugin v0.1 does not specify an api-version.
[00:55:49] [Server thread/INFO]: Connection succesfull!
[00:55:49] [Server thread/INFO]: [DopePlugin] Loading DopePlugin v0.1
[00:55:49] [Server thread/WARN]: **** SERVER IS RUNNING IN OFFLINE/INSECURE MODE!
[00:55:49] [Server thread/WARN]: The server will make no attempt to authenticate usernames. Beware.
[00:55:49] [Server thread/WARN]: While this makes the game possible to play without internet access, it also opens up the ability for hackers to connect with any username they choose.
[00:55:49] [Server thread/WARN]: To change this, set "online-mode" to "true" in the server.properties file.
[00:55:49] [Server thread/INFO]: Preparing level "world"
[00:55:49] [Server thread/INFO]: Reloading ResourceManager: Default, bukkit
[00:55:50] [Server thread/INFO]: Loaded 6 recipes
[00:55:51] [Server thread/INFO]: -------- World Settings For [world] --------
[00:55:51] [Server thread/INFO]: View Distance: 10
[00:55:51] [Server thread/INFO]: Allow Zombie Pigmen to spawn from portal blocks: true
[00:55:51] [Server thread/INFO]: Item Despawn Rate: 6000
[00:55:51] [Server thread/INFO]: Item Merge Radius: 2.5
[00:55:51] [Server thread/INFO]: Arrow Despawn Rate: 1200 Trident Respawn Rate:1200
[00:55:51] [Server thread/INFO]: Nerfing mobs spawned from spawners: false
[00:55:51] [Server thread/INFO]: Experience Merge Radius: 3.0
[00:55:51] [Server thread/INFO]: Mob Spawn Range: 6
[00:55:51] [Server thread/INFO]: Cactus Growth Modifier: 100%
[00:55:51] [Server thread/INFO]: Cane Growth Modifier: 100%
[00:55:51] [Server thread/INFO]: Melon Growth Modifier: 100%
[00:55:51] [Server thread/INFO]: Mushroom Growth Modifier: 100%
[00:55:51] [Server thread/INFO]: Pumpkin Growth Modifier: 100%
[00:55:51] [Server thread/INFO]: Sapling Growth Modifier: 100%
[00:55:51] [Server thread/INFO]: Beetroot Growth Modifier: 100%
[00:55:51] [Server thread/INFO]: Carrot Growth Modifier: 100%
[00:55:51] [Server thread/INFO]: Potato Growth Modifier: 100%
[00:55:51] [Server thread/INFO]: Wheat Growth Modifier: 100%
[00:55:51] [Server thread/INFO]: NetherWart Growth Modifier: 100%
[00:55:51] [Server thread/INFO]: Vine Growth Modifier: 100%
[00:55:51] [Server thread/INFO]: Cocoa Growth Modifier: 100%
[00:55:51] [Server thread/INFO]: Bamboo Growth Modifier: 100%
[00:55:51] [Server thread/INFO]: SweetBerry Growth Modifier: 100%
[00:55:51] [Server thread/INFO]: Kelp Growth Modifier: 100%
[00:55:51] [Server thread/INFO]: Entity Activation Range: An 32 / Mo 32 / Ra 48 / Mi 16 / Tiv true
[00:55:51] [Server thread/INFO]: Entity Tracking Range: Pl 48 / An 48 / Mo 48 / Mi 32 / Other 64
[00:55:51] [Server thread/INFO]: Hopper Transfer: 8 Hopper Check: 1 Hopper Amount: 1
[00:55:51] [Server thread/INFO]: Custom Map Seeds:  Village: 10387312 Desert: 14357617 Igloo: 14357618 Jungle: 14357619 Swamp: 14357620 Monument: 10387313Ocean: 14357621 Shipwreck: 165745295 Slime: 987234911
[00:55:51] [Server thread/INFO]: Max TNT Explosions: 100
[00:55:51] [Server thread/INFO]: Tile Max Tick Time: 50ms Entity max Tick Time: 50ms
[00:55:51] [Server thread/INFO]: Zombie Aggressive Towards Villager: true
[00:55:51] [Server thread/INFO]: -------- World Settings For [world_nether] --------
[00:55:51] [Server thread/INFO]: View Distance: 10
[00:55:51] [Server thread/INFO]: Allow Zombie Pigmen to spawn from portal blocks: true
[00:55:51] [Server thread/INFO]: Item Despawn Rate: 6000
[00:55:51] [Server thread/INFO]: Item Merge Radius: 2.5
[00:55:51] [Server thread/INFO]: Arrow Despawn Rate: 1200 Trident Respawn Rate:1200
[00:55:51] [Server thread/INFO]: Nerfing mobs spawned from spawners: false
[00:55:51] [Server thread/INFO]: Experience Merge Radius: 3.0
[00:55:51] [Server thread/INFO]: Mob Spawn Range: 6
[00:55:51] [Server thread/INFO]: Cactus Growth Modifier: 100%
[00:55:51] [Server thread/INFO]: Cane Growth Modifier: 100%
[00:55:51] [Server thread/INFO]: Melon Growth Modifier: 100%
[00:55:51] [Server thread/INFO]: Mushroom Growth Modifier: 100%
[00:55:51] [Server thread/INFO]: Pumpkin Growth Modifier: 100%
[00:55:51] [Server thread/INFO]: Sapling Growth Modifier: 100%
[00:55:51] [Server thread/INFO]: Beetroot Growth Modifier: 100%
[00:55:51] [Server thread/INFO]: Carrot Growth Modifier: 100%
[00:55:51] [Server thread/INFO]: Potato Growth Modifier: 100%
[00:55:51] [Server thread/INFO]: Wheat Growth Modifier: 100%
[00:55:51] [Server thread/INFO]: NetherWart Growth Modifier: 100%
[00:55:51] [Server thread/INFO]: Vine Growth Modifier: 100%
[00:55:51] [Server thread/INFO]: Cocoa Growth Modifier: 100%
[00:55:51] [Server thread/INFO]: Bamboo Growth Modifier: 100%
[00:55:51] [Server thread/INFO]: SweetBerry Growth Modifier: 100%
[00:55:51] [Server thread/INFO]: Kelp Growth Modifier: 100%
[00:55:51] [Server thread/INFO]: Entity Activation Range: An 32 / Mo 32 / Ra 48 / Mi 16 / Tiv true
[00:55:51] [Server thread/INFO]: Entity Tracking Range: Pl 48 / An 48 / Mo 48 / Mi 32 / Other 64
[00:55:51] [Server thread/INFO]: Hopper Transfer: 8 Hopper Check: 1 Hopper Amount: 1
[00:55:51] [Server thread/INFO]: Custom Map Seeds:  Village: 10387312 Desert: 14357617 Igloo: 14357618 Jungle: 14357619 Swamp: 14357620 Monument: 10387313Ocean: 14357621 Shipwreck: 165745295 Slime: 987234911
[00:55:51] [Server thread/INFO]: Max TNT Explosions: 100
[00:55:51] [Server thread/INFO]: Tile Max Tick Time: 50ms Entity max Tick Time: 50ms
[00:55:51] [Server thread/INFO]: Zombie Aggressive Towards Villager: true
[00:55:51] [Server thread/INFO]: -------- World Settings For [world_the_end] --------
[00:55:51] [Server thread/INFO]: View Distance: 10
[00:55:51] [Server thread/INFO]: Allow Zombie Pigmen to spawn from portal blocks: true
[00:55:51] [Server thread/INFO]: Item Despawn Rate: 6000
[00:55:51] [Server thread/INFO]: Item Merge Radius: 2.5
[00:55:51] [Server thread/INFO]: Arrow Despawn Rate: 1200 Trident Respawn Rate:1200
[00:55:51] [Server thread/INFO]: Nerfing mobs spawned from spawners: false
[00:55:51] [Server thread/INFO]: Experience Merge Radius: 3.0
[00:55:51] [Server thread/INFO]: Mob Spawn Range: 6
[00:55:51] [Server thread/INFO]: Cactus Growth Modifier: 100%
[00:55:51] [Server thread/INFO]: Cane Growth Modifier: 100%
[00:55:51] [Server thread/INFO]: Melon Growth Modifier: 100%
[00:55:51] [Server thread/INFO]: Mushroom Growth Modifier: 100%
[00:55:51] [Server thread/INFO]: Pumpkin Growth Modifier: 100%
[00:55:51] [Server thread/INFO]: Sapling Growth Modifier: 100%
[00:55:51] [Server thread/INFO]: Beetroot Growth Modifier: 100%
[00:55:51] [Server thread/INFO]: Carrot Growth Modifier: 100%
[00:55:51] [Server thread/INFO]: Potato Growth Modifier: 100%
[00:55:51] [Server thread/INFO]: Wheat Growth Modifier: 100%
[00:55:51] [Server thread/INFO]: NetherWart Growth Modifier: 100%
[00:55:51] [Server thread/INFO]: Vine Growth Modifier: 100%
[00:55:51] [Server thread/INFO]: Cocoa Growth Modifier: 100%
[00:55:51] [Server thread/INFO]: Bamboo Growth Modifier: 100%
[00:55:51] [Server thread/INFO]: SweetBerry Growth Modifier: 100%
[00:55:51] [Server thread/INFO]: Kelp Growth Modifier: 100%
[00:55:51] [Server thread/INFO]: Entity Activation Range: An 32 / Mo 32 / Ra 48 / Mi 16 / Tiv true
[00:55:51] [Server thread/INFO]: Entity Tracking Range: Pl 48 / An 48 / Mo 48 / Mi 32 / Other 64
[00:55:51] [Server thread/INFO]: Hopper Transfer: 8 Hopper Check: 1 Hopper Amount: 1
[00:55:51] [Server thread/INFO]: Custom Map Seeds:  Village: 10387312 Desert: 14357617 Igloo: 14357618 Jungle: 14357619 Swamp: 14357620 Monument: 10387313Ocean: 14357621 Shipwreck: 165745295 Slime: 987234911
[00:55:51] [Server thread/INFO]: Max TNT Explosions: 100
[00:55:51] [Server thread/INFO]: Tile Max Tick Time: 50ms Entity max Tick Time: 50ms
[00:55:51] [Server thread/INFO]: Zombie Aggressive Towards Villager: true
[00:55:51] [Server thread/INFO]: Preparing start region for dimension 'world'/minecraft:overworld
[00:55:52] [Server thread/INFO]: Preparing spawn area: 0%
[00:55:52] [Server thread/INFO]: Preparing spawn area: 0%
[00:55:52] [Server thread/INFO]: Preparing spawn area: 29%
[00:55:52] [Server thread/INFO]: Time elapsed: 1265 ms
[00:55:52] [Server thread/INFO]: Preparing start region for dimension 'world_nether'/minecraft:the_nether
[00:55:53] [Server thread/INFO]: Preparing spawn area: 0%
[00:55:53] [Server thread/INFO]: Preparing spawn area: 0%
[00:55:53] [Server-Worker-4/INFO]: Preparing spawn area: 83%
[00:55:54] [Server-Worker-6/INFO]: Preparing spawn area: 83%
[00:55:54] [Server-Worker-5/INFO]: Preparing spawn area: 86%
[00:55:55] [Server-Worker-2/INFO]: Preparing spawn area: 92%
[00:55:55] [Server thread/INFO]: Time elapsed: 2793 ms
[00:55:55] [Server thread/INFO]: Preparing start region for dimension 'world_the_end'/minecraft:the_end
[00:55:55] [Server thread/INFO]: Preparing spawn area: 0%
[00:55:56] [Server-Worker-5/INFO]: Preparing spawn area: 83%
[00:55:56] [Server-Worker-5/INFO]: Preparing spawn area: 93%
[00:55:56] [Server thread/INFO]: Time elapsed: 1075 ms
[00:55:56] [Server thread/INFO]: [DopePlugin] Enabling DopePlugin v0.1
[00:55:56] [Server thread/INFO]: Server permissions file permissions.yml is empty, ignoring it
[00:55:56] [Server thread/INFO]: Done (7.454s)! For help, type "help"
[00:56:58] [Server thread/INFO]: Unknown command. Type "/help" for help.
[00:56:59] [Server thread/INFO]: CONSOLE: Please note that this command is not supported and may cause issues when using some plugins.
[00:57:00] [Server thread/INFO]: CONSOLE: If you encounter any issues please use the /stop command to restart your server.
[00:57:00] [Server thread/INFO]: Debug logging is disabled
[00:57:00] [Server thread/INFO]: Server Ping Player Sample Count: 12
[00:57:00] [Server thread/INFO]: Using 4 threads for Netty based IO
[00:57:00] [Server thread/INFO]: -------- World Settings For [world] --------
[00:57:00] [Server thread/INFO]: View Distance: 10
[00:57:00] [Server thread/INFO]: Allow Zombie Pigmen to spawn from portal blocks: true
[00:57:00] [Server thread/INFO]: Item Despawn Rate: 6000
[00:57:00] [Server thread/INFO]: Item Merge Radius: 2.5
[00:57:00] [Server thread/INFO]: Arrow Despawn Rate: 1200 Trident Respawn Rate:1200
[00:57:00] [Server thread/INFO]: Nerfing mobs spawned from spawners: false
[00:57:00] [Server thread/INFO]: Experience Merge Radius: 3.0
[00:57:00] [Server thread/INFO]: Mob Spawn Range: 6
[00:57:00] [Server thread/INFO]: Cactus Growth Modifier: 100%
[00:57:00] [Server thread/INFO]: Cane Growth Modifier: 100%
[00:57:00] [Server thread/INFO]: Melon Growth Modifier: 100%
[00:57:00] [Server thread/INFO]: Mushroom Growth Modifier: 100%
[00:57:00] [Server thread/INFO]: Pumpkin Growth Modifier: 100%
[00:57:00] [Server thread/INFO]: Sapling Growth Modifier: 100%
[00:57:00] [Server thread/INFO]: Beetroot Growth Modifier: 100%
[00:57:00] [Server thread/INFO]: Carrot Growth Modifier: 100%
[00:57:00] [Server thread/INFO]: Potato Growth Modifier: 100%
[00:57:00] [Server thread/INFO]: Wheat Growth Modifier: 100%
[00:57:00] [Server thread/INFO]: NetherWart Growth Modifier: 100%
[00:57:00] [Server thread/INFO]: Vine Growth Modifier: 100%
[00:57:00] [Server thread/INFO]: Cocoa Growth Modifier: 100%
[00:57:00] [Server thread/INFO]: Bamboo Growth Modifier: 100%
[00:57:00] [Server thread/INFO]: SweetBerry Growth Modifier: 100%
[00:57:00] [Server thread/INFO]: Kelp Growth Modifier: 100%
[00:57:00] [Server thread/INFO]: Entity Activation Range: An 32 / Mo 32 / Ra 48 / Mi 16 / Tiv true
[00:57:00] [Server thread/INFO]: Entity Tracking Range: Pl 48 / An 48 / Mo 48 / Mi 32 / Other 64
[00:57:00] [Server thread/INFO]: Hopper Transfer: 8 Hopper Check: 1 Hopper Amount: 1
[00:57:00] [Server thread/INFO]: Custom Map Seeds:  Village: 10387312 Desert: 14357617 Igloo: 14357618 Jungle: 14357619 Swamp: 14357620 Monument: 10387313Ocean: 14357621 Shipwreck: 165745295 Slime: 987234911
[00:57:00] [Server thread/INFO]: Max TNT Explosions: 100
[00:57:00] [Server thread/INFO]: Tile Max Tick Time: 50ms Entity max Tick Time: 50ms
[00:57:00] [Server thread/INFO]: Zombie Aggressive Towards Villager: true
[00:57:00] [Server thread/INFO]: -------- World Settings For [world_nether] --------
[00:57:00] [Server thread/INFO]: View Distance: 10
[00:57:00] [Server thread/INFO]: Allow Zombie Pigmen to spawn from portal blocks: true
[00:57:00] [Server thread/INFO]: Item Despawn Rate: 6000
[00:57:00] [Server thread/INFO]: Item Merge Radius: 2.5
[00:57:00] [Server thread/INFO]: Arrow Despawn Rate: 1200 Trident Respawn Rate:1200
[00:57:00] [Server thread/INFO]: Nerfing mobs spawned from spawners: false
[00:57:00] [Server thread/INFO]: Experience Merge Radius: 3.0
[00:57:00] [Server thread/INFO]: Mob Spawn Range: 6
[00:57:00] [Server thread/INFO]: Cactus Growth Modifier: 100%
[00:57:00] [Server thread/INFO]: Cane Growth Modifier: 100%
[00:57:00] [Server thread/INFO]: Melon Growth Modifier: 100%
[00:57:00] [Server thread/INFO]: Mushroom Growth Modifier: 100%
[00:57:00] [Server thread/INFO]: Pumpkin Growth Modifier: 100%
[00:57:00] [Server thread/INFO]: Sapling Growth Modifier: 100%
[00:57:00] [Server thread/INFO]: Beetroot Growth Modifier: 100%
[00:57:00] [Server thread/INFO]: Carrot Growth Modifier: 100%
[00:57:00] [Server thread/INFO]: Potato Growth Modifier: 100%
[00:57:00] [Server thread/INFO]: Wheat Growth Modifier: 100%
[00:57:00] [Server thread/INFO]: NetherWart Growth Modifier: 100%
[00:57:00] [Server thread/INFO]: Vine Growth Modifier: 100%
[00:57:00] [Server thread/INFO]: Cocoa Growth Modifier: 100%
[00:57:00] [Server thread/INFO]: Bamboo Growth Modifier: 100%
[00:57:00] [Server thread/INFO]: SweetBerry Growth Modifier: 100%
[00:57:00] [Server thread/INFO]: Kelp Growth Modifier: 100%
[00:57:00] [Server thread/INFO]: Entity Activation Range: An 32 / Mo 32 / Ra 48 / Mi 16 / Tiv true
[00:57:00] [Server thread/INFO]: Entity Tracking Range: Pl 48 / An 48 / Mo 48 / Mi 32 / Other 64
[00:57:00] [Server thread/INFO]: Hopper Transfer: 8 Hopper Check: 1 Hopper Amount: 1
[00:57:00] [Server thread/INFO]: Custom Map Seeds:  Village: 10387312 Desert: 14357617 Igloo: 14357618 Jungle: 14357619 Swamp: 14357620 Monument: 10387313Ocean: 14357621 Shipwreck: 165745295 Slime: 987234911
[00:57:00] [Server thread/INFO]: Max TNT Explosions: 100
[00:57:00] [Server thread/INFO]: Tile Max Tick Time: 50ms Entity max Tick Time: 50ms
[00:57:00] [Server thread/INFO]: Zombie Aggressive Towards Villager: true
[00:57:00] [Server thread/INFO]: -------- World Settings For [world_the_end] --------
[00:57:00] [Server thread/INFO]: View Distance: 10
[00:57:00] [Server thread/INFO]: Allow Zombie Pigmen to spawn from portal blocks: true
[00:57:00] [Server thread/INFO]: Item Despawn Rate: 6000
[00:57:00] [Server thread/INFO]: Item Merge Radius: 2.5
[00:57:00] [Server thread/INFO]: Arrow Despawn Rate: 1200 Trident Respawn Rate:1200
[00:57:00] [Server thread/INFO]: Nerfing mobs spawned from spawners: false
[00:57:00] [Server thread/INFO]: Experience Merge Radius: 3.0
[00:57:00] [Server thread/INFO]: Mob Spawn Range: 6
[00:57:00] [Server thread/INFO]: Cactus Growth Modifier: 100%
[00:57:00] [Server thread/INFO]: Cane Growth Modifier: 100%
[00:57:00] [Server thread/INFO]: Melon Growth Modifier: 100%
[00:57:00] [Server thread/INFO]: Mushroom Growth Modifier: 100%
[00:57:00] [Server thread/INFO]: Pumpkin Growth Modifier: 100%
[00:57:00] [Server thread/INFO]: Sapling Growth Modifier: 100%
[00:57:00] [Server thread/INFO]: Beetroot Growth Modifier: 100%
[00:57:00] [Server thread/INFO]: Carrot Growth Modifier: 100%
[00:57:00] [Server thread/INFO]: Potato Growth Modifier: 100%
[00:57:00] [Server thread/INFO]: Wheat Growth Modifier: 100%
[00:57:00] [Server thread/INFO]: NetherWart Growth Modifier: 100%
[00:57:00] [Server thread/INFO]: Vine Growth Modifier: 100%
[00:57:00] [Server thread/INFO]: Cocoa Growth Modifier: 100%
[00:57:00] [Server thread/INFO]: Bamboo Growth Modifier: 100%
[00:57:00] [Server thread/INFO]: SweetBerry Growth Modifier: 100%
[00:57:00] [Server thread/INFO]: Kelp Growth Modifier: 100%
[00:57:00] [Server thread/INFO]: Entity Activation Range: An 32 / Mo 32 / Ra 48 / Mi 16 / Tiv true
[00:57:00] [Server thread/INFO]: Entity Tracking Range: Pl 48 / An 48 / Mo 48 / Mi 32 / Other 64
[00:57:00] [Server thread/INFO]: Hopper Transfer: 8 Hopper Check: 1 Hopper Amount: 1
[00:57:00] [Server thread/INFO]: Custom Map Seeds:  Village: 10387312 Desert: 14357617 Igloo: 14357618 Jungle: 14357619 Swamp: 14357620 Monument: 10387313Ocean: 14357621 Shipwreck: 165745295 Slime: 987234911
[00:57:00] [Server thread/INFO]: Max TNT Explosions: 100
[00:57:00] [Server thread/INFO]: Tile Max Tick Time: 50ms Entity max Tick Time: 50ms
[00:57:00] [Server thread/INFO]: Zombie Aggressive Towards Villager: true
[00:57:00] [Server thread/INFO]: [DopePlugin] Disabling DopePlugin v0.1
[00:57:00] [Server thread/INFO]: Reloading ResourceManager: Default, bukkit
[00:57:00] [Server thread/INFO]: Loaded 6 recipes
[00:57:00] [Server thread/INFO]: Reloading ResourceManager: Default, bukkit
[00:57:00] [Server thread/INFO]: Loaded 6 recipes
[00:57:00] [Server thread/WARN]: Plugin DopePlugin v0.1 does not specify an api-version.
[00:57:00] [Server thread/INFO]: Connection succesfull!
[00:57:00] [Server thread/INFO]: [DopePlugin] Loading DopePlugin v0.1
[00:57:00] [Server thread/INFO]: [DopePlugin] Enabling DopePlugin v0.1
[00:57:00] [Server thread/INFO]: Server permissions file permissions.yml is empty, ignoring it
[00:57:00] [Server thread/INFO]: CONSOLE: Reload complete.
[01:01:08] [Server thread/INFO]: CONSOLE: Please note that this command is not supported and may cause issues when using some plugins.
[01:01:08] [Server thread/INFO]: CONSOLE: If you encounter any issues please use the /stop command to restart your server.
[01:01:08] [Server thread/INFO]: Debug logging is disabled
[01:01:08] [Server thread/INFO]: Server Ping Player Sample Count: 12
[01:01:08] [Server thread/INFO]: Using 4 threads for Netty based IO
[01:01:08] [Server thread/INFO]: -------- World Settings For [world] --------
[01:01:08] [Server thread/INFO]: View Distance: 10
[01:01:08] [Server thread/INFO]: Allow Zombie Pigmen to spawn from portal blocks: true
[01:01:08] [Server thread/INFO]: Item Despawn Rate: 6000
[01:01:08] [Server thread/INFO]: Item Merge Radius: 2.5
[01:01:08] [Server thread/INFO]: Arrow Despawn Rate: 1200 Trident Respawn Rate:1200
[01:01:08] [Server thread/INFO]: Nerfing mobs spawned from spawners: false
[01:01:08] [Server thread/INFO]: Experience Merge Radius: 3.0
[01:01:08] [Server thread/INFO]: Mob Spawn Range: 6
[01:01:08] [Server thread/INFO]: Cactus Growth Modifier: 100%
[01:01:08] [Server thread/INFO]: Cane Growth Modifier: 100%
[01:01:08] [Server thread/INFO]: Melon Growth Modifier: 100%
[01:01:08] [Server thread/INFO]: Mushroom Growth Modifier: 100%
[01:01:08] [Server thread/INFO]: Pumpkin Growth Modifier: 100%
[01:01:08] [Server thread/INFO]: Sapling Growth Modifier: 100%
[01:01:08] [Server thread/INFO]: Beetroot Growth Modifier: 100%
[01:01:08] [Server thread/INFO]: Carrot Growth Modifier: 100%
[01:01:08] [Server thread/INFO]: Potato Growth Modifier: 100%
[01:01:08] [Server thread/INFO]: Wheat Growth Modifier: 100%
[01:01:08] [Server thread/INFO]: NetherWart Growth Modifier: 100%
[01:01:08] [Server thread/INFO]: Vine Growth Modifier: 100%
[01:01:08] [Server thread/INFO]: Cocoa Growth Modifier: 100%
[01:01:08] [Server thread/INFO]: Bamboo Growth Modifier: 100%
[01:01:08] [Server thread/INFO]: SweetBerry Growth Modifier: 100%
[01:01:08] [Server thread/INFO]: Kelp Growth Modifier: 100%
[01:01:08] [Server thread/INFO]: Entity Activation Range: An 32 / Mo 32 / Ra 48 / Mi 16 / Tiv true
[01:01:08] [Server thread/INFO]: Entity Tracking Range: Pl 48 / An 48 / Mo 48 / Mi 32 / Other 64
[01:01:08] [Server thread/INFO]: Hopper Transfer: 8 Hopper Check: 1 Hopper Amount: 1
[01:01:08] [Server thread/INFO]: Custom Map Seeds:  Village: 10387312 Desert: 14357617 Igloo: 14357618 Jungle: 14357619 Swamp: 14357620 Monument: 10387313Ocean: 14357621 Shipwreck: 165745295 Slime: 987234911
[01:01:08] [Server thread/INFO]: Max TNT Explosions: 100
[01:01:08] [Server thread/INFO]: Tile Max Tick Time: 50ms Entity max Tick Time: 50ms
[01:01:08] [Server thread/INFO]: Zombie Aggressive Towards Villager: true
[01:01:08] [Server thread/INFO]: -------- World Settings For [world_nether] --------
[01:01:08] [Server thread/INFO]: View Distance: 10
[01:01:08] [Server thread/INFO]: Allow Zombie Pigmen to spawn from portal blocks: true
[01:01:08] [Server thread/INFO]: Item Despawn Rate: 6000
[01:01:08] [Server thread/INFO]: Item Merge Radius: 2.5
[01:01:08] [Server thread/INFO]: Arrow Despawn Rate: 1200 Trident Respawn Rate:1200
[01:01:08] [Server thread/INFO]: Nerfing mobs spawned from spawners: false
[01:01:08] [Server thread/INFO]: Experience Merge Radius: 3.0
[01:01:08] [Server thread/INFO]: Mob Spawn Range: 6
[01:01:08] [Server thread/INFO]: Cactus Growth Modifier: 100%
[01:01:08] [Server thread/INFO]: Cane Growth Modifier: 100%
[01:01:08] [Server thread/INFO]: Melon Growth Modifier: 100%
[01:01:08] [Server thread/INFO]: Mushroom Growth Modifier: 100%
[01:01:08] [Server thread/INFO]: Pumpkin Growth Modifier: 100%
[01:01:08] [Server thread/INFO]: Sapling Growth Modifier: 100%
[01:01:08] [Server thread/INFO]: Beetroot Growth Modifier: 100%
[01:01:08] [Server thread/INFO]: Carrot Growth Modifier: 100%
[01:01:08] [Server thread/INFO]: Potato Growth Modifier: 100%
[01:01:08] [Server thread/INFO]: Wheat Growth Modifier: 100%
[01:01:08] [Server thread/INFO]: NetherWart Growth Modifier: 100%
[01:01:08] [Server thread/INFO]: Vine Growth Modifier: 100%
[01:01:08] [Server thread/INFO]: Cocoa Growth Modifier: 100%
[01:01:08] [Server thread/INFO]: Bamboo Growth Modifier: 100%
[01:01:08] [Server thread/INFO]: SweetBerry Growth Modifier: 100%
[01:01:08] [Server thread/INFO]: Kelp Growth Modifier: 100%
[01:01:08] [Server thread/INFO]: Entity Activation Range: An 32 / Mo 32 / Ra 48 / Mi 16 / Tiv true
[01:01:08] [Server thread/INFO]: Entity Tracking Range: Pl 48 / An 48 / Mo 48 / Mi 32 / Other 64
[01:01:08] [Server thread/INFO]: Hopper Transfer: 8 Hopper Check: 1 Hopper Amount: 1
[01:01:08] [Server thread/INFO]: Custom Map Seeds:  Village: 10387312 Desert: 14357617 Igloo: 14357618 Jungle: 14357619 Swamp: 14357620 Monument: 10387313Ocean: 14357621 Shipwreck: 165745295 Slime: 987234911
[01:01:08] [Server thread/INFO]: Max TNT Explosions: 100
[01:01:08] [Server thread/INFO]: Tile Max Tick Time: 50ms Entity max Tick Time: 50ms
[01:01:08] [Server thread/INFO]: Zombie Aggressive Towards Villager: true
[01:01:08] [Server thread/INFO]: -------- World Settings For [world_the_end] --------
[01:01:08] [Server thread/INFO]: View Distance: 10
[01:01:08] [Server thread/INFO]: Allow Zombie Pigmen to spawn from portal blocks: true
[01:01:08] [Server thread/INFO]: Item Despawn Rate: 6000
[01:01:08] [Server thread/INFO]: Item Merge Radius: 2.5
[01:01:08] [Server thread/INFO]: Arrow Despawn Rate: 1200 Trident Respawn Rate:1200
[01:01:08] [Server thread/INFO]: Nerfing mobs spawned from spawners: false
[01:01:08] [Server thread/INFO]: Experience Merge Radius: 3.0
[01:01:08] [Server thread/INFO]: Mob Spawn Range: 6
[01:01:08] [Server thread/INFO]: Cactus Growth Modifier: 100%
[01:01:08] [Server thread/INFO]: Cane Growth Modifier: 100%
[01:01:08] [Server thread/INFO]: Melon Growth Modifier: 100%
[01:01:08] [Server thread/INFO]: Mushroom Growth Modifier: 100%
[01:01:08] [Server thread/INFO]: Pumpkin Growth Modifier: 100%
[01:01:08] [Server thread/INFO]: Sapling Growth Modifier: 100%
[01:01:08] [Server thread/INFO]: Beetroot Growth Modifier: 100%
[01:01:08] [Server thread/INFO]: Carrot Growth Modifier: 100%
[01:01:08] [Server thread/INFO]: Potato Growth Modifier: 100%
[01:01:08] [Server thread/INFO]: Wheat Growth Modifier: 100%
[01:01:08] [Server thread/INFO]: NetherWart Growth Modifier: 100%
[01:01:08] [Server thread/INFO]: Vine Growth Modifier: 100%
[01:01:08] [Server thread/INFO]: Cocoa Growth Modifier: 100%
[01:01:08] [Server thread/INFO]: Bamboo Growth Modifier: 100%
[01:01:08] [Server thread/INFO]: SweetBerry Growth Modifier: 100%
[01:01:08] [Server thread/INFO]: Kelp Growth Modifier: 100%
[01:01:08] [Server thread/INFO]: Entity Activation Range: An 32 / Mo 32 / Ra 48 / Mi 16 / Tiv true
[01:01:08] [Server thread/INFO]: Entity Tracking Range: Pl 48 / An 48 / Mo 48 / Mi 32 / Other 64
[01:01:08] [Server thread/INFO]: Hopper Transfer: 8 Hopper Check: 1 Hopper Amount: 1
[01:01:08] [Server thread/INFO]: Custom Map Seeds:  Village: 10387312 Desert: 14357617 Igloo: 14357618 Jungle: 14357619 Swamp: 14357620 Monument: 10387313Ocean: 14357621 Shipwreck: 165745295 Slime: 987234911
[01:01:08] [Server thread/INFO]: Max TNT Explosions: 100
[01:01:08] [Server thread/INFO]: Tile Max Tick Time: 50ms Entity max Tick Time: 50ms
[01:01:08] [Server thread/INFO]: Zombie Aggressive Towards Villager: true
[01:01:08] [Server thread/INFO]: [DopePlugin] Disabling DopePlugin v0.1
[01:01:08] [Server thread/INFO]: Reloading ResourceManager: Default, bukkit
[01:01:08] [Server thread/INFO]: Loaded 6 recipes
[01:01:08] [Server thread/INFO]: Reloading ResourceManager: Default, bukkit
[01:01:08] [Server thread/INFO]: Loaded 6 recipes
[01:01:08] [Server thread/WARN]: Plugin DopePlugin v0.1 does not specify an api-version.
[01:01:08] [Server thread/INFO]: Connection succesfull!
[01:01:08] [Server thread/INFO]: [DopePlugin] Loading DopePlugin v0.1
[01:01:08] [Server thread/INFO]: [DopePlugin] Enabling DopePlugin v0.1
[01:01:08] [Server thread/INFO]: Server permissions file permissions.yml is empty, ignoring it
[01:01:08] [Server thread/INFO]: CONSOLE: Reload complete.
[01:01:19] [User Authenticator #1/INFO]: UUID of player lol is 920c79d8-a1ca-3c23-8b42-dadfe7a301f4
[01:01:19] [Server thread/INFO]: lol[/195.2.232.3:62289] logged in with entity id 198 at ([world]275.36308072761017, 110.0, 142.93695807710571)
[01:01:26] [Server thread/INFO]: PlayerMoveEvent@lol
[01:01:30] [Server thread/INFO]: PlayerMoveEvent@lol
[01:01:30] [Server thread/INFO]: PlayerMoveEvent@lol
[01:01:30] [Server thread/INFO]: PlayerMoveEvent@lol
[01:01:30] [Server thread/INFO]: PlayerMoveEvent@lol
[01:01:30] [Server thread/INFO]: PlayerMoveEvent@lol
[01:01:30] [Server thread/INFO]: PlayerMoveEvent@lol
[01:01:30] [Server thread/INFO]: PlayerMoveEvent@lol
[01:01:31] [Server thread/INFO]: PlayerMoveEvent@lol
[01:01:31] [Server thread/INFO]: PlayerMoveEvent@lol
[01:01:33] [Server thread/INFO]: lol lost connection: Disconnected
[01:01:33] [Server thread/INFO]: lol left the game
[01:01:43] [User Authenticator #2/INFO]: UUID of player GG is 403f9ce7-f928-3534-8dea-d2486ae46ef4
[01:01:43] [Server thread/INFO]: GG[/178.67.96.219:55809] logged in with entity id 234 at ([world]216.5, 65.0, 32.5)
[01:01:45] [Server thread/INFO]: PlayerMoveEvent@GG
[01:01:45] [Server thread/INFO]: PlayerMoveEvent@GG
[01:01:45] [Server thread/INFO]: PlayerMoveEvent@GG
[01:01:46] [Server thread/INFO]: PlayerMoveEvent@GG
[01:01:46] [Server thread/INFO]: PlayerMoveEvent@GG
[01:01:46] [Server thread/INFO]: PlayerMoveEvent@GG
[01:01:46] [Server thread/INFO]: PlayerMoveEvent@GG
[01:01:46] [Server thread/INFO]: PlayerMoveEvent@GG
[01:01:46] [Server thread/INFO]: PlayerMoveEvent@GG
[01:01:46] [Server thread/INFO]: PlayerMoveEvent@GG
[01:01:47] [User Authenticator #3/INFO]: UUID of player lol is 920c79d8-a1ca-3c23-8b42-dadfe7a301f4
[01:01:47] [Server thread/INFO]: lol[/195.2.232.3:62297] logged in with entity id 335 at ([world]275.36308072761017, 110.0, 142.93695807710571)
[01:01:47] [Server thread/INFO]: PlayerMoveEvent@GG
[01:01:47] [Server thread/INFO]: PlayerMoveEvent@GG
[01:01:47] [Server thread/INFO]: PlayerMoveEvent@GG
[01:01:48] [Server thread/INFO]: PlayerMoveEvent@GG
[01:01:48] [Server thread/INFO]: PlayerMoveEvent@GG
[01:01:48] [Server thread/INFO]: PlayerMoveEvent@GG
[01:01:49] [Server thread/INFO]: PlayerMoveEvent@GG
[01:01:49] [Server thread/INFO]: PlayerMoveEvent@GG
[01:01:50] [Server thread/INFO]: PlayerMoveEvent@GG
[01:01:50] [Server thread/INFO]: PlayerMoveEvent@lol
[01:01:51] [Server thread/INFO]: PlayerMoveEvent@GG
[01:01:54] [Server thread/INFO]: PlayerMoveEvent@GG
[01:01:54] [Server thread/INFO]: PlayerMoveEvent@GG
[01:01:54] [Server thread/INFO]: PlayerMoveEvent@GG
[01:01:54] [Server thread/INFO]: PlayerMoveEvent@GG
[01:01:54] [Server thread/INFO]: PlayerMoveEvent@GG
[01:01:54] [Server thread/INFO]: PlayerMoveEvent@GG
[01:01:54] [Server thread/INFO]: PlayerMoveEvent@GG
[01:01:54] [Server thread/INFO]: PlayerMoveEvent@GG
[01:01:55] [Server thread/INFO]: PlayerMoveEvent@GG
[01:01:55] [Server thread/INFO]: PlayerMoveEvent@GG
[01:01:55] [Server thread/INFO]: PlayerMoveEvent@GG
[01:01:55] [Server thread/INFO]: PlayerMoveEvent@GG
[01:01:55] [Server thread/INFO]: PlayerMoveEvent@GG
[01:01:55] [Server thread/INFO]: PlayerMoveEvent@GG
[01:01:55] [Server thread/INFO]: PlayerMoveEvent@GG
[01:01:55] [Server thread/INFO]: PlayerMoveEvent@GG
[01:01:55] [Server thread/INFO]: PlayerMoveEvent@GG
[01:01:56] [Server thread/INFO]: PlayerMoveEvent@lol
[01:01:56] [Server thread/INFO]: PlayerMoveEvent@lol
[01:01:56] [Server thread/INFO]: PlayerMoveEvent@lol
[01:01:56] [Server thread/INFO]: PlayerMoveEvent@GG
[01:01:56] [Server thread/INFO]: PlayerMoveEvent@GG
[01:01:56] [Server thread/INFO]: PlayerMoveEvent@GG
[01:01:56] [Server thread/INFO]: PlayerMoveEvent@lol
[01:01:56] [Server thread/INFO]: PlayerMoveEvent@lol
[01:01:56] [Server thread/INFO]: PlayerMoveEvent@GG
[01:01:56] [Server thread/INFO]: PlayerMoveEvent@GG
[01:01:56] [Server thread/INFO]: PlayerMoveEvent@GG
[01:01:56] [Server thread/INFO]: PlayerMoveEvent@GG
[01:01:56] [Server thread/INFO]: PlayerMoveEvent@lol
[01:01:56] [Server thread/INFO]: PlayerMoveEvent@GG
[01:01:56] [Server thread/INFO]: PlayerMoveEvent@lol
[01:01:56] [Server thread/INFO]: PlayerMoveEvent@lol
[01:01:56] [Server thread/INFO]: PlayerMoveEvent@GG
[01:01:56] [Server thread/INFO]: PlayerMoveEvent@lol
[01:01:56] [Server thread/INFO]: PlayerMoveEvent@lol
[01:01:57] [Server thread/INFO]: PlayerMoveEvent@lol
[01:01:57] [Server thread/INFO]: PlayerMoveEvent@lol
[01:01:57] [Server thread/INFO]: PlayerMoveEvent@GG
[01:01:57] [Server thread/INFO]: PlayerMoveEvent@lol
[01:01:57] [Server thread/INFO]: PlayerMoveEvent@lol
[01:01:57] [Server thread/INFO]: PlayerMoveEvent@lol
[01:01:57] [Server thread/INFO]: PlayerMoveEvent@lol
[01:01:57] [Server thread/INFO]: PlayerMoveEvent@lol
[01:01:57] [Server thread/INFO]: PlayerMoveEvent@lol
[01:01:57] [Server thread/INFO]: PlayerMoveEvent@GG
[01:01:57] [Server thread/INFO]: PlayerMoveEvent@lol
[01:01:57] [Server thread/INFO]: PlayerMoveEvent@lol
[01:01:58] [Server thread/INFO]: PlayerMoveEvent@lol
[01:01:58] [Server thread/INFO]: PlayerMoveEvent@GG
[01:01:58] [Server thread/INFO]: PlayerMoveEvent@GG
[01:01:58] [Server thread/INFO]: PlayerMoveEvent@lol
[01:01:58] [Server thread/INFO]: PlayerMoveEvent@lol
[01:01:58] [Server thread/INFO]: PlayerMoveEvent@lol
[01:02:02] [Server thread/INFO]: PlayerMoveEvent@GG
[01:02:02] [Server thread/INFO]: PlayerMoveEvent@GG
[01:02:02] [Server thread/INFO]: PlayerMoveEvent@GG
[01:02:02] [Server thread/INFO]: PlayerMoveEvent@GG
[01:02:03] [Server thread/INFO]: PlayerMoveEvent@GG
[01:02:03] [Server thread/INFO]: PlayerMoveEvent@lol
[01:02:03] [Server thread/INFO]: PlayerMoveEvent@GG
[01:02:03] [Server thread/INFO]: PlayerMoveEvent@lol
[01:02:03] [Server thread/INFO]: PlayerMoveEvent@lol
[01:02:03] [Server thread/INFO]: PlayerMoveEvent@GG
[01:02:03] [Server thread/INFO]: PlayerMoveEvent@lol
[01:02:03] [Server thread/INFO]: PlayerMoveEvent@lol
[01:02:03] [Server thread/INFO]: PlayerMoveEvent@GG
[01:02:03] [Server thread/INFO]: PlayerMoveEvent@lol
[01:02:03] [Server thread/INFO]: PlayerMoveEvent@lol
[01:02:03] [Server thread/INFO]: PlayerMoveEvent@GG
[01:02:03] [Server thread/INFO]: PlayerMoveEvent@GG
[01:02:03] [Server thread/INFO]: PlayerMoveEvent@lol
[01:02:03] [Server thread/INFO]: PlayerMoveEvent@lol
[01:02:03] [Server thread/INFO]: PlayerMoveEvent@GG
[01:02:03] [Server thread/INFO]: PlayerMoveEvent@lol
[01:02:04] [Server thread/INFO]: PlayerMoveEvent@lol
[01:02:04] [Server thread/INFO]: PlayerMoveEvent@GG
[01:02:04] [Server thread/INFO]: PlayerMoveEvent@lol
[01:02:04] [Server thread/INFO]: PlayerMoveEvent@GG
[01:02:04] [Server thread/INFO]: PlayerMoveEvent@lol
[01:02:04] [Server thread/INFO]: PlayerMoveEvent@lol
[01:02:04] [Server thread/INFO]: PlayerMoveEvent@GG
[01:02:04] [Server thread/INFO]: PlayerMoveEvent@GG
[01:02:04] [Server thread/INFO]: PlayerMoveEvent@lol
[01:02:04] [Server thread/INFO]: PlayerMoveEvent@lol
[01:02:04] [Server thread/INFO]: PlayerMoveEvent@GG
[01:02:04] [Server thread/INFO]: PlayerMoveEvent@GG
[01:02:04] [Server thread/INFO]: PlayerMoveEvent@lol
[01:02:04] [Server thread/INFO]: PlayerMoveEvent@lol
[01:02:04] [Server thread/INFO]: PlayerMoveEvent@GG
[01:02:04] [Server thread/INFO]: PlayerMoveEvent@lol
[01:02:04] [Server thread/INFO]: PlayerMoveEvent@GG
[01:02:04] [Server thread/INFO]: PlayerMoveEvent@lol
[01:02:05] [Server thread/INFO]: PlayerMoveEvent@lol
[01:02:05] [Server thread/INFO]: PlayerMoveEvent@GG
[01:02:05] [Server thread/INFO]: PlayerMoveEvent@lol
[01:02:05] [Server thread/INFO]: PlayerMoveEvent@GG
[01:02:05] [Server thread/INFO]: PlayerMoveEvent@lol
[01:02:05] [Server thread/INFO]: PlayerMoveEvent@GG
[01:02:05] [Server thread/INFO]: PlayerMoveEvent@lol
[01:02:05] [Server thread/INFO]: PlayerMoveEvent@lol
[01:02:05] [Server thread/INFO]: PlayerMoveEvent@GG
[01:02:05] [Server thread/INFO]: PlayerMoveEvent@lol
[01:02:05] [Server thread/INFO]: PlayerMoveEvent@lol
[01:02:05] [Server thread/INFO]: PlayerMoveEvent@GG
[01:02:05] [Server thread/INFO]: PlayerMoveEvent@GG
[01:02:05] [Server thread/INFO]: PlayerMoveEvent@lol
[01:02:05] [Server thread/INFO]: PlayerMoveEvent@lol
[01:02:05] [Server thread/INFO]: PlayerMoveEvent@GG
[01:02:05] [Server thread/INFO]: PlayerMoveEvent@GG
[01:02:05] [Server thread/INFO]: PlayerMoveEvent@lol
[01:02:06] [Server thread/INFO]: PlayerMoveEvent@lol
[01:02:06] [Server thread/INFO]: PlayerMoveEvent@GG
[01:02:06] [Server thread/INFO]: PlayerMoveEvent@lol
[01:02:06] [Server thread/INFO]: PlayerMoveEvent@GG
[01:02:06] [Server thread/INFO]: PlayerMoveEvent@lol
[01:02:06] [Server thread/INFO]: PlayerMoveEvent@GG
[01:02:06] [Server thread/INFO]: PlayerMoveEvent@lol
[01:02:06] [Server thread/INFO]: PlayerMoveEvent@GG
[01:02:06] [Server thread/INFO]: PlayerMoveEvent@lol
[01:02:06] [Server thread/INFO]: PlayerMoveEvent@GG
[01:02:06] [Server thread/INFO]: PlayerMoveEvent@lol
[01:02:06] [Server thread/INFO]: PlayerMoveEvent@lol
[01:02:06] [Server thread/INFO]: PlayerMoveEvent@GG
[01:02:06] [Server thread/INFO]: PlayerMoveEvent@lol
[01:02:06] [Server thread/INFO]: PlayerMoveEvent@GG
[01:02:06] [Server thread/INFO]: PlayerMoveEvent@lol
[01:02:06] [Server thread/INFO]: PlayerMoveEvent@lol
[01:02:06] [Server thread/INFO]: PlayerMoveEvent@GG
[01:02:07] [Server thread/INFO]: PlayerMoveEvent@lol
[01:02:07] [Server thread/INFO]: PlayerMoveEvent@GG
[01:02:07] [Server thread/INFO]: PlayerMoveEvent@lol
[01:02:07] [Server thread/INFO]: PlayerMoveEvent@lol
[01:02:07] [Server thread/INFO]: PlayerMoveEvent@GG
[01:02:07] [Server thread/INFO]: PlayerMoveEvent@lol
[01:02:07] [Server thread/INFO]: PlayerMoveEvent@GG
[01:02:07] [Server thread/INFO]: PlayerMoveEvent@lol
[01:02:07] [Server thread/INFO]: PlayerMoveEvent@GG
[01:02:07] [Server thread/INFO]: PlayerMoveEvent@lol
[01:02:07] [Server thread/INFO]: PlayerMoveEvent@lol
[01:02:07] [Server thread/INFO]: PlayerMoveEvent@GG
[01:02:07] [Server thread/INFO]: PlayerMoveEvent@lol
[01:02:07] [Server thread/INFO]: PlayerMoveEvent@lol
[01:02:07] [Server thread/INFO]: PlayerMoveEvent@GG
[01:02:07] [Server thread/INFO]: PlayerMoveEvent@lol
[01:02:08] [Server thread/INFO]: PlayerMoveEvent@GG
[01:02:08] [Server thread/INFO]: PlayerMoveEvent@lol
[01:02:08] [Server thread/INFO]: PlayerMoveEvent@GG
[01:02:08] [Server thread/INFO]: PlayerMoveEvent@lol
[01:02:08] [Server thread/INFO]: PlayerMoveEvent@lol
[01:02:08] [Server thread/INFO]: PlayerMoveEvent@GG
[01:02:08] [Server thread/INFO]: PlayerMoveEvent@lol
[01:02:08] [Server thread/INFO]: PlayerMoveEvent@lol
[01:02:08] [Server thread/INFO]: PlayerMoveEvent@lol
[01:02:08] [Server thread/INFO]: PlayerMoveEvent@lol
[01:02:08] [Server thread/INFO]: PlayerMoveEvent@lol
[01:02:08] [Server thread/INFO]: PlayerMoveEvent@lol
[01:02:08] [Server thread/INFO]: PlayerMoveEvent@lol
[01:02:09] [Server thread/INFO]: PlayerMoveEvent@lol
[01:02:09] [Server thread/INFO]: PlayerMoveEvent@lol
[01:02:09] [Server thread/INFO]: PlayerMoveEvent@GG
[01:02:09] [Server thread/INFO]: PlayerMoveEvent@lol
[01:02:09] [Server thread/INFO]: PlayerMoveEvent@GG
[01:02:09] [Server thread/INFO]: PlayerMoveEvent@lol
[01:02:09] [Server thread/INFO]: PlayerMoveEvent@lol
[01:02:09] [Server thread/INFO]: PlayerMoveEvent@GG
[01:02:09] [Server thread/INFO]: PlayerMoveEvent@GG
[01:02:09] [Server thread/INFO]: PlayerMoveEvent@lol
[01:02:09] [Server thread/INFO]: PlayerMoveEvent@lol
[01:02:09] [Server thread/INFO]: PlayerMoveEvent@GG
[01:02:09] [Server thread/INFO]: PlayerMoveEvent@lol
[01:02:09] [Server thread/INFO]: PlayerMoveEvent@lol
[01:02:09] [Server thread/INFO]: PlayerMoveEvent@GG
[01:02:09] [Server thread/INFO]: PlayerMoveEvent@GG
[01:02:09] [Server thread/INFO]: PlayerMoveEvent@GG
[01:02:09] [Server thread/INFO]: PlayerMoveEvent@GG
[01:02:09] [Server thread/INFO]: PlayerMoveEvent@lol
[01:02:10] [Server thread/INFO]: PlayerMoveEvent@lol
[01:02:10] [Server thread/INFO]: PlayerMoveEvent@GG
[01:02:10] [Server thread/INFO]: PlayerMoveEvent@lol
[01:02:10] [Server thread/INFO]: PlayerMoveEvent@lol
[01:02:10] [Server thread/INFO]: PlayerMoveEvent@GG
[01:02:10] [Server thread/INFO]: PlayerMoveEvent@lol
[01:02:10] [Server thread/INFO]: PlayerMoveEvent@GG
[01:02:10] [Server thread/INFO]: PlayerMoveEvent@GG
[01:02:10] [Server thread/INFO]: PlayerMoveEvent@lol
[01:02:10] [Server thread/INFO]: PlayerMoveEvent@GG
[01:02:10] [Server thread/INFO]: PlayerMoveEvent@GG
[01:02:10] [Server thread/INFO]: PlayerMoveEvent@lol
[01:02:10] [Server thread/INFO]: PlayerMoveEvent@GG
[01:02:10] [Server thread/INFO]: PlayerMoveEvent@lol
[01:02:10] [Server thread/INFO]: PlayerMoveEvent@GG
[01:02:10] [Server thread/INFO]: PlayerMoveEvent@GG
[01:02:11] [Server thread/INFO]: PlayerMoveEvent@GG
[01:02:11] [Server thread/INFO]: PlayerMoveEvent@GG
[01:02:11] [Server thread/INFO]: PlayerMoveEvent@GG
[01:02:11] [Server thread/INFO]: PlayerMoveEvent@GG
[01:02:11] [Server thread/INFO]: PlayerMoveEvent@GG
[01:02:11] [Server thread/INFO]: PlayerMoveEvent@GG
[01:02:11] [Server thread/INFO]: PlayerMoveEvent@GG
[01:02:11] [Server thread/INFO]: PlayerMoveEvent@GG
[01:02:11] [Server thread/INFO]: PlayerMoveEvent@GG
[01:02:11] [Server thread/INFO]: PlayerMoveEvent@GG
[01:02:11] [Server thread/INFO]: PlayerMoveEvent@GG
[01:02:11] [Server thread/INFO]: PlayerMoveEvent@lol
[01:02:11] [Server thread/INFO]: PlayerMoveEvent@lol
[01:02:11] [Server thread/INFO]: PlayerMoveEvent@GG
[01:02:11] [Server thread/INFO]: PlayerMoveEvent@GG
[01:02:11] [Server thread/INFO]: PlayerMoveEvent@GG
[01:02:11] [Server thread/INFO]: PlayerMoveEvent@GG
[01:02:11] [Server thread/INFO]: PlayerMoveEvent@lol
[01:02:11] [Server thread/INFO]: PlayerMoveEvent@lol
[01:02:11] [Server thread/INFO]: PlayerMoveEvent@GG
[01:02:11] [Server thread/INFO]: PlayerMoveEvent@GG
[01:02:12] [Server thread/INFO]: PlayerMoveEvent@GG
[01:02:12] [Server thread/INFO]: PlayerMoveEvent@lol
[01:02:12] [Server thread/INFO]: PlayerMoveEvent@GG
[01:02:12] [Server thread/INFO]: PlayerMoveEvent@GG
[01:02:12] [Server thread/INFO]: PlayerMoveEvent@GG
[01:02:12] [Server thread/INFO]: PlayerMoveEvent@GG
[01:02:12] [Server thread/INFO]: PlayerMoveEvent@GG
[01:02:12] [Server thread/INFO]: PlayerMoveEvent@GG
[01:02:12] [Server thread/INFO]: PlayerMoveEvent@GG
[01:02:12] [Server thread/INFO]: PlayerMoveEvent@GG
[01:02:12] [Server thread/INFO]: PlayerMoveEvent@GG
[01:02:13] [Server thread/INFO]: PlayerMoveEvent@GG
[01:02:13] [Server thread/INFO]: PlayerMoveEvent@GG
[01:02:13] [Server thread/INFO]: PlayerMoveEvent@GG
[01:02:13] [Server thread/INFO]: PlayerMoveEvent@GG
[01:02:13] [Server thread/INFO]: PlayerMoveEvent@GG
[01:02:13] [Server thread/INFO]: PlayerMoveEvent@GG
[01:02:52] [Server thread/INFO]: lol issued server command: /dlogin lol
[01:02:52] [Server thread/INFO]: GG issued server command: /dlogin GG
[01:02:54] [Server thread/INFO]: PlayerMoveEvent@GG
[01:02:54] [Server thread/INFO]: PlayerMoveEvent@GG
[01:02:54] [Server thread/INFO]: PlayerMoveEvent@GG
[01:02:54] [Server thread/INFO]: PlayerMoveEvent@GG
[01:02:55] [Server thread/INFO]: PlayerMoveEvent@GG
[01:02:55] [Server thread/INFO]: PlayerMoveEvent@GG
[01:02:55] [Server thread/INFO]: PlayerMoveEvent@GG
[01:02:55] [Server thread/INFO]: PlayerMoveEvent@GG
[01:02:55] [Server thread/INFO]: PlayerMoveEvent@GG
[01:02:55] [Server thread/INFO]: PlayerMoveEvent@GG
[01:02:55] [Server thread/INFO]: PlayerMoveEvent@GG
[01:02:55] [Server thread/INFO]: PlayerMoveEvent@GG
[01:02:55] [Server thread/INFO]: PlayerMoveEvent@GG
[01:02:56] [Server thread/INFO]: PlayerMoveEvent@GG
[01:02:56] [Server thread/INFO]: PlayerMoveEvent@GG
[01:02:56] [Server thread/INFO]: PlayerMoveEvent@GG
[01:02:56] [Server thread/INFO]: PlayerMoveEvent@GG
[01:02:56] [Server thread/INFO]: PlayerMoveEvent@GG
[01:02:56] [Server thread/INFO]: PlayerMoveEvent@GG
[01:02:56] [Server thread/INFO]: PlayerMoveEvent@GG
[01:02:56] [Server thread/INFO]: PlayerMoveEvent@GG
[01:02:57] [Server thread/INFO]: PlayerMoveEvent@GG
[01:02:57] [Server thread/INFO]: PlayerMoveEvent@GG
[01:02:57] [Server thread/INFO]: PlayerMoveEvent@GG
[01:02:57] [Server thread/INFO]: PlayerMoveEvent@GG
[01:02:57] [Server thread/INFO]: PlayerMoveEvent@GG
[01:02:57] [Server thread/INFO]: PlayerMoveEvent@GG
[01:02:57] [Server thread/INFO]: PlayerMoveEvent@GG
[01:02:57] [Server thread/INFO]: PlayerMoveEvent@GG
[01:02:57] [Server thread/INFO]: PlayerMoveEvent@GG
[01:02:57] [Server thread/INFO]: PlayerMoveEvent@GG
[01:02:57] [Server thread/INFO]: PlayerMoveEvent@GG
[01:02:58] [Server thread/INFO]: PlayerMoveEvent@GG
[01:02:58] [Server thread/INFO]: PlayerMoveEvent@GG
[01:02:58] [Server thread/INFO]: PlayerMoveEvent@GG
[01:02:58] [Server thread/INFO]: PlayerMoveEvent@GG
[01:02:58] [Server thread/INFO]: PlayerMoveEvent@GG
[01:02:58] [Server thread/INFO]: PlayerMoveEvent@GG
[01:02:58] [Server thread/INFO]: PlayerMoveEvent@GG
[01:02:58] [Server thread/INFO]: PlayerMoveEvent@GG
[01:02:58] [Server thread/INFO]: PlayerMoveEvent@GG
[01:02:58] [Server thread/INFO]: PlayerMoveEvent@GG
[01:02:58] [Server thread/INFO]: PlayerMoveEvent@GG
[01:02:59] [Server thread/INFO]: PlayerMoveEvent@GG
[01:02:59] [Server thread/INFO]: PlayerMoveEvent@GG
[01:02:59] [Server thread/INFO]: PlayerMoveEvent@GG
[01:02:59] [Server thread/INFO]: PlayerMoveEvent@GG
[01:02:59] [Server thread/INFO]: PlayerMoveEvent@GG
[01:02:59] [Server thread/INFO]: PlayerMoveEvent@GG
[01:02:59] [Server thread/INFO]: PlayerMoveEvent@GG
[01:02:59] [Server thread/INFO]: PlayerMoveEvent@GG
[01:02:59] [Server thread/INFO]: PlayerMoveEvent@GG
[01:03:00] [Server thread/INFO]: PlayerMoveEvent@GG
[01:03:00] [Server thread/INFO]: PlayerMoveEvent@GG
[01:03:00] [Server thread/INFO]: PlayerMoveEvent@GG
[01:03:00] [Server thread/INFO]: PlayerMoveEvent@GG
[01:03:00] [Server thread/INFO]: PlayerMoveEvent@GG
[01:03:00] [Server thread/INFO]: PlayerMoveEvent@GG
[01:03:00] [Server thread/INFO]: PlayerMoveEvent@GG
[01:03:00] [Server thread/INFO]: PlayerMoveEvent@GG
[01:03:00] [Server thread/INFO]: PlayerMoveEvent@GG
[01:03:01] [Server thread/INFO]: PlayerMoveEvent@GG
[01:03:09] [Server thread/INFO]: GG issued server command: /dlogin GG
[01:03:10] [Server thread/INFO]: PlayerMoveEvent@GG
[01:03:10] [Server thread/INFO]: PlayerMoveEvent@GG
[01:03:11] [Server thread/INFO]: PlayerMoveEvent@GG
[01:03:11] [Server thread/INFO]: PlayerMoveEvent@GG
[01:03:11] [Server thread/INFO]: PlayerMoveEvent@GG
[01:03:11] [Server thread/INFO]: PlayerMoveEvent@GG
[01:03:11] [Server thread/INFO]: PlayerMoveEvent@GG
[01:03:11] [Server thread/INFO]: PlayerMoveEvent@GG
[01:03:11] [Server thread/INFO]: PlayerMoveEvent@GG
[01:03:11] [Server thread/INFO]: PlayerMoveEvent@GG
[01:03:12] [Server thread/INFO]: PlayerMoveEvent@GG
[01:03:12] [Server thread/INFO]: PlayerMoveEvent@GG
[01:03:12] [Server thread/INFO]: PlayerMoveEvent@GG
[01:03:12] [Server thread/INFO]: PlayerMoveEvent@GG
[01:03:12] [Server thread/INFO]: PlayerMoveEvent@GG
[01:03:12] [Server thread/INFO]: PlayerMoveEvent@GG
[01:03:12] [Server thread/INFO]: PlayerMoveEvent@GG
[01:03:12] [Server thread/INFO]: PlayerMoveEvent@GG
[01:03:12] [Server thread/INFO]: PlayerMoveEvent@GG
[01:03:12] [Server thread/INFO]: PlayerMoveEvent@GG
[01:03:13] [Server thread/INFO]: PlayerMoveEvent@GG
[01:03:13] [Server thread/INFO]: PlayerMoveEvent@GG
[01:03:13] [Server thread/INFO]: PlayerMoveEvent@GG
[01:03:13] [Server thread/INFO]: PlayerMoveEvent@GG
[01:03:13] [Server thread/INFO]: PlayerMoveEvent@GG
[01:03:13] [Server thread/INFO]: PlayerMoveEvent@GG
[01:03:13] [Server thread/INFO]: PlayerMoveEvent@GG
[01:03:15] [Server thread/INFO]: PlayerMoveEvent@GG
[01:03:15] [Server thread/INFO]: PlayerMoveEvent@GG
[01:03:15] [Server thread/INFO]: PlayerMoveEvent@GG
[01:03:16] [Server thread/INFO]: PlayerMoveEvent@GG
[01:03:17] [Server thread/INFO]: PlayerMoveEvent@GG
[01:03:17] [Server thread/INFO]: PlayerMoveEvent@GG
[01:03:17] [Server thread/INFO]: PlayerMoveEvent@GG
[01:03:17] [Server thread/INFO]: PlayerMoveEvent@GG
[01:03:17] [Server thread/INFO]: PlayerMoveEvent@GG
[01:03:17] [Server thread/INFO]: PlayerMoveEvent@GG
[01:03:17] [Server thread/INFO]: PlayerMoveEvent@GG
[01:03:18] [Server thread/INFO]: PlayerMoveEvent@GG
[01:03:18] [Server thread/INFO]: PlayerMoveEvent@GG
[01:03:18] [Server thread/INFO]: PlayerMoveEvent@GG
[01:03:19] [Server thread/INFO]: PlayerMoveEvent@GG
[01:03:20] [Server thread/INFO]: PlayerMoveEvent@GG
[01:03:20] [Server thread/INFO]: PlayerMoveEvent@GG
[01:03:24] [Server thread/INFO]: Made GG a server operator
[01:03:27] [Server thread/INFO]: lol lost connection: Disconnected
[01:03:27] [Server thread/INFO]: lol left the game
[01:03:29] [User Authenticator #4/INFO]: UUID of player lol is 920c79d8-a1ca-3c23-8b42-dadfe7a301f4
[01:03:29] [Server thread/INFO]: lol[/195.2.232.3:62306] logged in with entity id 656 at ([world]253.280093582232, 106.0, 167.49098568672494)
[01:03:29] [Server thread/INFO]: PlayerMoveEvent@GG
[01:03:30] [Server thread/INFO]: PlayerMoveEvent@GG
[01:03:31] [Server thread/INFO]: GG lost connection: Disconnected
[01:03:31] [Server thread/INFO]: GG left the game
[01:03:36] [Server thread/INFO]: PlayerMoveEvent@lol
[01:03:36] [Server thread/INFO]: PlayerMoveEvent@lol
[01:03:37] [Server thread/INFO]: PlayerMoveEvent@lol
[01:03:37] [Server thread/INFO]: PlayerMoveEvent@lol
[01:03:37] [Server thread/INFO]: PlayerMoveEvent@lol
[01:03:37] [Server thread/INFO]: PlayerMoveEvent@lol
[01:03:37] [Server thread/INFO]: PlayerMoveEvent@lol
[01:03:37] [Server thread/INFO]: PlayerMoveEvent@lol
[01:03:38] [Server thread/INFO]: PlayerMoveEvent@lol
[01:03:38] [Server thread/INFO]: PlayerMoveEvent@lol
[01:03:38] [Server thread/INFO]: PlayerMoveEvent@lol
[01:03:38] [Server thread/INFO]: PlayerMoveEvent@lol
[01:03:38] [Server thread/INFO]: PlayerMoveEvent@lol
[01:03:38] [User Authenticator #5/INFO]: UUID of player GG is 403f9ce7-f928-3534-8dea-d2486ae46ef4
[01:03:38] [Server thread/INFO]: GG[/178.67.96.219:55820] logged in with entity id 774 at ([world]216.5, 65.0, 32.5)
[01:03:38] [Server thread/INFO]: PlayerMoveEvent@lol
[01:03:38] [Server thread/INFO]: PlayerMoveEvent@lol
[01:03:39] [Server thread/INFO]: PlayerMoveEvent@lol
[01:03:39] [Server thread/INFO]: PlayerMoveEvent@lol
[01:03:39] [Server thread/INFO]: PlayerMoveEvent@lol
[01:03:39] [Server thread/INFO]: PlayerMoveEvent@lol
[01:03:39] [Server thread/INFO]: PlayerMoveEvent@lol
[01:03:40] [Server thread/INFO]: PlayerMoveEvent@lol
[01:03:40] [Server thread/INFO]: PlayerMoveEvent@lol
[01:03:40] [Server thread/INFO]: PlayerMoveEvent@lol
[01:03:40] [Server thread/INFO]: PlayerMoveEvent@lol
[01:03:40] [Server thread/INFO]: PlayerMoveEvent@GG
[01:03:40] [Server thread/INFO]: PlayerMoveEvent@GG
[01:03:40] [Server thread/INFO]: PlayerMoveEvent@GG
[01:03:40] [Server thread/INFO]: PlayerMoveEvent@GG
[01:03:41] [Server thread/INFO]: PlayerMoveEvent@GG
[01:03:41] [Server thread/INFO]: PlayerMoveEvent@lol
[01:03:41] [Server thread/INFO]: PlayerMoveEvent@lol
[01:03:41] [Server thread/INFO]: PlayerMoveEvent@lol
[01:03:41] [Server thread/INFO]: PlayerMoveEvent@lol
[01:03:42] [Server thread/INFO]: PlayerMoveEvent@lol
[01:03:57] [Server thread/INFO]: lol issued server command: /dlogin lol
[01:03:57] [Server thread/INFO]: GG issued server command: /dlogin GG
[01:04:42] [Server thread/INFO]: GG issued server command: /gamemode
[01:05:16] [Server thread/INFO]: lol issued server command: /team add sd
[01:05:16] [Server thread/INFO]: [lol: Created team [sd]]
[01:05:24] [Server thread/INFO]: lol issued server command: /team leave
[01:05:27] [Server thread/INFO]: lol issued server command: /team leave sd
[01:05:27] [Server thread/INFO]: [lol: Removed sd from any team]
[01:05:34] [Server thread/INFO]: lol issued server command: /teleport GG
[01:05:34] [Server thread/INFO]: [lol: Teleported lol to GG]
[01:05:34] [Server thread/WARN]: lol moved too quickly! 10.429925460256612,-21.0,-93.51881132439811
[01:05:47] [Server thread/INFO]: lol issued server command: /gamemode creative
[01:05:52] [Server thread/INFO]: lol issued server command: /gamemode creative GG
[01:05:52] [Server thread/INFO]: [lol: Set GG's game mode to Creative Mode]
[01:05:56] [Server thread/INFO]: GG issued server command: /gamemode
[01:06:39] [Server thread/INFO]: lol issued server command: /gamemode creative
[01:06:39] [Server thread/INFO]: GG issued server command: /gamemode adventure
[01:06:39] [Server thread/INFO]: [GG: Set own game mode to Adventure Mode]
[01:06:47] [Server thread/INFO]: GG was impaled by lol
[01:07:03] [Server thread/INFO]: GG issued server command: /gamemode creative
[01:07:03] [Server thread/INFO]: [GG: Set own game mode to Creative Mode]
[01:07:06] [Server thread/INFO]: lol issued server command: /setblock 246 70 7
